<?xml version="1.0" encoding="UTF-8"?>
<testsuite xmlns:xsi="http://www.w3.org/2001/XMLSchema-instance" xsi:noNamespaceSchemaLocation="https://maven.apache.org/surefire/maven-surefire-plugin/xsd/surefire-test-report-3.0.xsd" version="3.0" name="com.eCommerce.microservice.product.ProductServiceApplicationTests" time="7.905" tests="1" errors="0" skipped="0" failures="0">
  <properties>
    <property name="java.specification.version" value="17"/>
    <property name="sun.jnu.encoding" value="UTF-8"/>
    <property name="java.class.path" value="/Users/adityaverma/Documents/microservice-project/e-commerce/product-service/target/test-classes:/Users/adityaverma/Documents/microservice-project/e-commerce/product-service/target/classes:/Users/adityaverma/.m2/repository/org/springframework/boot/spring-boot-starter-data-mongodb/3.3.5/spring-boot-starter-data-mongodb-3.3.5.jar:/Users/adityaverma/.m2/repository/org/springframework/boot/spring-boot-starter/3.3.5/spring-boot-starter-3.3.5.jar:/Users/adityaverma/.m2/repository/org/springframework/boot/spring-boot/3.3.5/spring-boot-3.3.5.jar:/Users/adityaverma/.m2/repository/org/springframework/boot/spring-boot-starter-logging/3.3.5/spring-boot-starter-logging-3.3.5.jar:/Users/adityaverma/.m2/repository/ch/qos/logback/logback-classic/1.5.11/logback-classic-1.5.11.jar:/Users/adityaverma/.m2/repository/ch/qos/logback/logback-core/1.5.11/logback-core-1.5.11.jar:/Users/adityaverma/.m2/repository/org/apache/logging/log4j/log4j-to-slf4j/2.23.1/log4j-to-slf4j-2.23.1.jar:/Users/adityaverma/.m2/repository/org/apache/logging/log4j/log4j-api/2.23.1/log4j-api-2.23.1.jar:/Users/adityaverma/.m2/repository/org/slf4j/jul-to-slf4j/2.0.16/jul-to-slf4j-2.0.16.jar:/Users/adityaverma/.m2/repository/jakarta/annotation/jakarta.annotation-api/2.1.1/jakarta.annotation-api-2.1.1.jar:/Users/adityaverma/.m2/repository/org/yaml/snakeyaml/2.2/snakeyaml-2.2.jar:/Users/adityaverma/.m2/repository/org/mongodb/mongodb-driver-sync/5.0.1/mongodb-driver-sync-5.0.1.jar:/Users/adityaverma/.m2/repository/org/mongodb/bson/5.0.1/bson-5.0.1.jar:/Users/adityaverma/.m2/repository/org/mongodb/mongodb-driver-core/5.0.1/mongodb-driver-core-5.0.1.jar:/Users/adityaverma/.m2/repository/org/mongodb/bson-record-codec/5.0.1/bson-record-codec-5.0.1.jar:/Users/adityaverma/.m2/repository/org/springframework/data/spring-data-mongodb/4.3.5/spring-data-mongodb-4.3.5.jar:/Users/adityaverma/.m2/repository/org/springframework/spring-tx/6.1.14/spring-tx-6.1.14.jar:/Users/adityaverma/.m2/repository/org/springframework/spring-context/6.1.14/spring-context-6.1.14.jar:/Users/adityaverma/.m2/repository/org/springframework/spring-beans/6.1.14/spring-beans-6.1.14.jar:/Users/adityaverma/.m2/repository/org/springframework/spring-expression/6.1.14/spring-expression-6.1.14.jar:/Users/adityaverma/.m2/repository/org/springframework/data/spring-data-commons/3.3.5/spring-data-commons-3.3.5.jar:/Users/adityaverma/.m2/repository/org/springframework/boot/spring-boot-starter-web/3.3.5/spring-boot-starter-web-3.3.5.jar:/Users/adityaverma/.m2/repository/org/springframework/boot/spring-boot-starter-json/3.3.5/spring-boot-starter-json-3.3.5.jar:/Users/adityaverma/.m2/repository/com/fasterxml/jackson/core/jackson-databind/2.17.2/jackson-databind-2.17.2.jar:/Users/adityaverma/.m2/repository/com/fasterxml/jackson/core/jackson-annotations/2.17.2/jackson-annotations-2.17.2.jar:/Users/adityaverma/.m2/repository/com/fasterxml/jackson/core/jackson-core/2.17.2/jackson-core-2.17.2.jar:/Users/adityaverma/.m2/repository/com/fasterxml/jackson/datatype/jackson-datatype-jdk8/2.17.2/jackson-datatype-jdk8-2.17.2.jar:/Users/adityaverma/.m2/repository/com/fasterxml/jackson/datatype/jackson-datatype-jsr310/2.17.2/jackson-datatype-jsr310-2.17.2.jar:/Users/adityaverma/.m2/repository/com/fasterxml/jackson/module/jackson-module-parameter-names/2.17.2/jackson-module-parameter-names-2.17.2.jar:/Users/adityaverma/.m2/repository/org/springframework/boot/spring-boot-starter-tomcat/3.3.5/spring-boot-starter-tomcat-3.3.5.jar:/Users/adityaverma/.m2/repository/org/apache/tomcat/embed/tomcat-embed-core/10.1.31/tomcat-embed-core-10.1.31.jar:/Users/adityaverma/.m2/repository/org/apache/tomcat/embed/tomcat-embed-el/10.1.31/tomcat-embed-el-10.1.31.jar:/Users/adityaverma/.m2/repository/org/apache/tomcat/embed/tomcat-embed-websocket/10.1.31/tomcat-embed-websocket-10.1.31.jar:/Users/adityaverma/.m2/repository/org/springframework/spring-web/6.1.14/spring-web-6.1.14.jar:/Users/adityaverma/.m2/repository/io/micrometer/micrometer-observation/1.13.6/micrometer-observation-1.13.6.jar:/Users/adityaverma/.m2/repository/io/micrometer/micrometer-commons/1.13.6/micrometer-commons-1.13.6.jar:/Users/adityaverma/.m2/repository/org/springframework/spring-webmvc/6.1.14/spring-webmvc-6.1.14.jar:/Users/adityaverma/.m2/repository/org/springframework/spring-aop/6.1.14/spring-aop-6.1.14.jar:/Users/adityaverma/.m2/repository/org/projectlombok/lombok/1.18.28/lombok-1.18.28.jar:/Users/adityaverma/.m2/repository/org/springframework/boot/spring-boot-starter-test/3.3.5/spring-boot-starter-test-3.3.5.jar:/Users/adityaverma/.m2/repository/org/springframework/boot/spring-boot-test/3.3.5/spring-boot-test-3.3.5.jar:/Users/adityaverma/.m2/repository/org/springframework/boot/spring-boot-test-autoconfigure/3.3.5/spring-boot-test-autoconfigure-3.3.5.jar:/Users/adityaverma/.m2/repository/com/jayway/jsonpath/json-path/2.9.0/json-path-2.9.0.jar:/Users/adityaverma/.m2/repository/jakarta/xml/bind/jakarta.xml.bind-api/4.0.2/jakarta.xml.bind-api-4.0.2.jar:/Users/adityaverma/.m2/repository/jakarta/activation/jakarta.activation-api/2.1.3/jakarta.activation-api-2.1.3.jar:/Users/adityaverma/.m2/repository/net/minidev/json-smart/2.5.1/json-smart-2.5.1.jar:/Users/adityaverma/.m2/repository/net/minidev/accessors-smart/2.5.1/accessors-smart-2.5.1.jar:/Users/adityaverma/.m2/repository/org/ow2/asm/asm/9.6/asm-9.6.jar:/Users/adityaverma/.m2/repository/org/assertj/assertj-core/3.25.3/assertj-core-3.25.3.jar:/Users/adityaverma/.m2/repository/net/bytebuddy/byte-buddy/1.14.19/byte-buddy-1.14.19.jar:/Users/adityaverma/.m2/repository/org/awaitility/awaitility/4.2.2/awaitility-4.2.2.jar:/Users/adityaverma/.m2/repository/org/hamcrest/hamcrest/2.2/hamcrest-2.2.jar:/Users/adityaverma/.m2/repository/org/junit/jupiter/junit-jupiter/5.10.5/junit-jupiter-5.10.5.jar:/Users/adityaverma/.m2/repository/org/junit/jupiter/junit-jupiter-api/5.10.5/junit-jupiter-api-5.10.5.jar:/Users/adityaverma/.m2/repository/org/opentest4j/opentest4j/1.3.0/opentest4j-1.3.0.jar:/Users/adityaverma/.m2/repository/org/junit/platform/junit-platform-commons/1.10.5/junit-platform-commons-1.10.5.jar:/Users/adityaverma/.m2/repository/org/apiguardian/apiguardian-api/1.1.2/apiguardian-api-1.1.2.jar:/Users/adityaverma/.m2/repository/org/junit/jupiter/junit-jupiter-params/5.10.5/junit-jupiter-params-5.10.5.jar:/Users/adityaverma/.m2/repository/org/junit/jupiter/junit-jupiter-engine/5.10.5/junit-jupiter-engine-5.10.5.jar:/Users/adityaverma/.m2/repository/org/junit/platform/junit-platform-engine/1.10.5/junit-platform-engine-1.10.5.jar:/Users/adityaverma/.m2/repository/org/mockito/mockito-core/5.11.0/mockito-core-5.11.0.jar:/Users/adityaverma/.m2/repository/net/bytebuddy/byte-buddy-agent/1.14.19/byte-buddy-agent-1.14.19.jar:/Users/adityaverma/.m2/repository/org/objenesis/objenesis/3.3/objenesis-3.3.jar:/Users/adityaverma/.m2/repository/org/mockito/mockito-junit-jupiter/5.11.0/mockito-junit-jupiter-5.11.0.jar:/Users/adityaverma/.m2/repository/org/skyscreamer/jsonassert/1.5.3/jsonassert-1.5.3.jar:/Users/adityaverma/.m2/repository/com/vaadin/external/google/android-json/0.0.20131108.vaadin1/android-json-0.0.20131108.vaadin1.jar:/Users/adityaverma/.m2/repository/org/springframework/spring-core/6.1.14/spring-core-6.1.14.jar:/Users/adityaverma/.m2/repository/org/springframework/spring-jcl/6.1.14/spring-jcl-6.1.14.jar:/Users/adityaverma/.m2/repository/org/springframework/spring-test/6.1.14/spring-test-6.1.14.jar:/Users/adityaverma/.m2/repository/org/xmlunit/xmlunit-core/2.9.1/xmlunit-core-2.9.1.jar:/Users/adityaverma/.m2/repository/org/springframework/boot/spring-boot-testcontainers/3.3.5/spring-boot-testcontainers-3.3.5.jar:/Users/adityaverma/.m2/repository/org/springframework/boot/spring-boot-autoconfigure/3.3.5/spring-boot-autoconfigure-3.3.5.jar:/Users/adityaverma/.m2/repository/org/testcontainers/testcontainers/1.19.8/testcontainers-1.19.8.jar:/Users/adityaverma/.m2/repository/junit/junit/4.13.2/junit-4.13.2.jar:/Users/adityaverma/.m2/repository/org/hamcrest/hamcrest-core/2.2/hamcrest-core-2.2.jar:/Users/adityaverma/.m2/repository/org/apache/commons/commons-compress/1.24.0/commons-compress-1.24.0.jar:/Users/adityaverma/.m2/repository/org/rnorth/duct-tape/duct-tape/1.0.8/duct-tape-1.0.8.jar:/Users/adityaverma/.m2/repository/org/jetbrains/annotations/17.0.0/annotations-17.0.0.jar:/Users/adityaverma/.m2/repository/com/github/docker-java/docker-java-api/3.3.6/docker-java-api-3.3.6.jar:/Users/adityaverma/.m2/repository/com/github/docker-java/docker-java-transport-zerodep/3.3.6/docker-java-transport-zerodep-3.3.6.jar:/Users/adityaverma/.m2/repository/com/github/docker-java/docker-java-transport/3.3.6/docker-java-transport-3.3.6.jar:/Users/adityaverma/.m2/repository/net/java/dev/jna/jna/5.13.0/jna-5.13.0.jar:/Users/adityaverma/.m2/repository/org/testcontainers/junit-jupiter/1.19.8/junit-jupiter-1.19.8.jar:/Users/adityaverma/.m2/repository/org/testcontainers/mongodb/1.19.8/mongodb-1.19.8.jar:/Users/adityaverma/.m2/repository/org/testng/testng/7.10.2/testng-7.10.2.jar:/Users/adityaverma/.m2/repository/org/slf4j/slf4j-api/2.0.16/slf4j-api-2.0.16.jar:/Users/adityaverma/.m2/repository/com/beust/jcommander/1.82/jcommander-1.82.jar:/Users/adityaverma/.m2/repository/org/webjars/jquery/3.7.1/jquery-3.7.1.jar:/Users/adityaverma/.m2/repository/io/rest-assured/rest-assured/5.3.2/rest-assured-5.3.2.jar:/Users/adityaverma/.m2/repository/org/apache/groovy/groovy/4.0.23/groovy-4.0.23.jar:/Users/adityaverma/.m2/repository/org/apache/groovy/groovy-xml/4.0.23/groovy-xml-4.0.23.jar:/Users/adityaverma/.m2/repository/org/apache/httpcomponents/httpclient/4.5.13/httpclient-4.5.13.jar:/Users/adityaverma/.m2/repository/org/apache/httpcomponents/httpcore/4.4.16/httpcore-4.4.16.jar:/Users/adityaverma/.m2/repository/commons-logging/commons-logging/1.2/commons-logging-1.2.jar:/Users/adityaverma/.m2/repository/commons-codec/commons-codec/1.16.1/commons-codec-1.16.1.jar:/Users/adityaverma/.m2/repository/org/apache/httpcomponents/httpmime/4.5.13/httpmime-4.5.13.jar:/Users/adityaverma/.m2/repository/org/ccil/cowan/tagsoup/tagsoup/1.2.1/tagsoup-1.2.1.jar:/Users/adityaverma/.m2/repository/io/rest-assured/json-path/5.4.0/json-path-5.4.0.jar:/Users/adityaverma/.m2/repository/org/apache/groovy/groovy-json/4.0.23/groovy-json-4.0.23.jar:/Users/adityaverma/.m2/repository/io/rest-assured/rest-assured-common/5.4.0/rest-assured-common-5.4.0.jar:/Users/adityaverma/.m2/repository/io/rest-assured/xml-path/5.4.0/xml-path-5.4.0.jar:/Users/adityaverma/.m2/repository/org/apache/commons/commons-lang3/3.14.0/commons-lang3-3.14.0.jar:"/>
    <property name="java.vm.vendor" value="Oracle Corporation"/>
    <property name="sun.arch.data.model" value="64"/>
    <property name="java.vendor.url" value="https://java.oracle.com/"/>
    <property name="catalina.useNaming" value="false"/>
    <property name="user.timezone" value="Asia/Kolkata"/>
    <property name="os.name" value="Mac OS X"/>
    <property name="java.vm.specification.version" value="17"/>
    <property name="sun.java.launcher" value="SUN_STANDARD"/>
    <property name="user.country" value="IN"/>
    <property name="sun.boot.library.path" value="/Library/Java/JavaVirtualMachines/jdk-17.jdk/Contents/Home/lib"/>
    <property name="sun.java.command" value="/Users/adityaverma/Documents/microservice-project/e-commerce/product-service/target/surefire/surefirebooter-20241104003700815_3.jar /Users/adityaverma/Documents/microservice-project/e-commerce/product-service/target/surefire 2024-11-04T00-37-00_782-jvmRun1 surefire-20241104003700815_1tmp surefire_0-20241104003700815_2tmp"/>
    <property name="http.nonProxyHosts" value="local|*.local|169.254/16|*.169.254/16"/>
    <property name="jdk.debug" value="release"/>
    <property name="surefire.test.class.path" value="/Users/adityaverma/Documents/microservice-project/e-commerce/product-service/target/test-classes:/Users/adityaverma/Documents/microservice-project/e-commerce/product-service/target/classes:/Users/adityaverma/.m2/repository/org/springframework/boot/spring-boot-starter-data-mongodb/3.3.5/spring-boot-starter-data-mongodb-3.3.5.jar:/Users/adityaverma/.m2/repository/org/springframework/boot/spring-boot-starter/3.3.5/spring-boot-starter-3.3.5.jar:/Users/adityaverma/.m2/repository/org/springframework/boot/spring-boot/3.3.5/spring-boot-3.3.5.jar:/Users/adityaverma/.m2/repository/org/springframework/boot/spring-boot-starter-logging/3.3.5/spring-boot-starter-logging-3.3.5.jar:/Users/adityaverma/.m2/repository/ch/qos/logback/logback-classic/1.5.11/logback-classic-1.5.11.jar:/Users/adityaverma/.m2/repository/ch/qos/logback/logback-core/1.5.11/logback-core-1.5.11.jar:/Users/adityaverma/.m2/repository/org/apache/logging/log4j/log4j-to-slf4j/2.23.1/log4j-to-slf4j-2.23.1.jar:/Users/adityaverma/.m2/repository/org/apache/logging/log4j/log4j-api/2.23.1/log4j-api-2.23.1.jar:/Users/adityaverma/.m2/repository/org/slf4j/jul-to-slf4j/2.0.16/jul-to-slf4j-2.0.16.jar:/Users/adityaverma/.m2/repository/jakarta/annotation/jakarta.annotation-api/2.1.1/jakarta.annotation-api-2.1.1.jar:/Users/adityaverma/.m2/repository/org/yaml/snakeyaml/2.2/snakeyaml-2.2.jar:/Users/adityaverma/.m2/repository/org/mongodb/mongodb-driver-sync/5.0.1/mongodb-driver-sync-5.0.1.jar:/Users/adityaverma/.m2/repository/org/mongodb/bson/5.0.1/bson-5.0.1.jar:/Users/adityaverma/.m2/repository/org/mongodb/mongodb-driver-core/5.0.1/mongodb-driver-core-5.0.1.jar:/Users/adityaverma/.m2/repository/org/mongodb/bson-record-codec/5.0.1/bson-record-codec-5.0.1.jar:/Users/adityaverma/.m2/repository/org/springframework/data/spring-data-mongodb/4.3.5/spring-data-mongodb-4.3.5.jar:/Users/adityaverma/.m2/repository/org/springframework/spring-tx/6.1.14/spring-tx-6.1.14.jar:/Users/adityaverma/.m2/repository/org/springframework/spring-context/6.1.14/spring-context-6.1.14.jar:/Users/adityaverma/.m2/repository/org/springframework/spring-beans/6.1.14/spring-beans-6.1.14.jar:/Users/adityaverma/.m2/repository/org/springframework/spring-expression/6.1.14/spring-expression-6.1.14.jar:/Users/adityaverma/.m2/repository/org/springframework/data/spring-data-commons/3.3.5/spring-data-commons-3.3.5.jar:/Users/adityaverma/.m2/repository/org/springframework/boot/spring-boot-starter-web/3.3.5/spring-boot-starter-web-3.3.5.jar:/Users/adityaverma/.m2/repository/org/springframework/boot/spring-boot-starter-json/3.3.5/spring-boot-starter-json-3.3.5.jar:/Users/adityaverma/.m2/repository/com/fasterxml/jackson/core/jackson-databind/2.17.2/jackson-databind-2.17.2.jar:/Users/adityaverma/.m2/repository/com/fasterxml/jackson/core/jackson-annotations/2.17.2/jackson-annotations-2.17.2.jar:/Users/adityaverma/.m2/repository/com/fasterxml/jackson/core/jackson-core/2.17.2/jackson-core-2.17.2.jar:/Users/adityaverma/.m2/repository/com/fasterxml/jackson/datatype/jackson-datatype-jdk8/2.17.2/jackson-datatype-jdk8-2.17.2.jar:/Users/adityaverma/.m2/repository/com/fasterxml/jackson/datatype/jackson-datatype-jsr310/2.17.2/jackson-datatype-jsr310-2.17.2.jar:/Users/adityaverma/.m2/repository/com/fasterxml/jackson/module/jackson-module-parameter-names/2.17.2/jackson-module-parameter-names-2.17.2.jar:/Users/adityaverma/.m2/repository/org/springframework/boot/spring-boot-starter-tomcat/3.3.5/spring-boot-starter-tomcat-3.3.5.jar:/Users/adityaverma/.m2/repository/org/apache/tomcat/embed/tomcat-embed-core/10.1.31/tomcat-embed-core-10.1.31.jar:/Users/adityaverma/.m2/repository/org/apache/tomcat/embed/tomcat-embed-el/10.1.31/tomcat-embed-el-10.1.31.jar:/Users/adityaverma/.m2/repository/org/apache/tomcat/embed/tomcat-embed-websocket/10.1.31/tomcat-embed-websocket-10.1.31.jar:/Users/adityaverma/.m2/repository/org/springframework/spring-web/6.1.14/spring-web-6.1.14.jar:/Users/adityaverma/.m2/repository/io/micrometer/micrometer-observation/1.13.6/micrometer-observation-1.13.6.jar:/Users/adityaverma/.m2/repository/io/micrometer/micrometer-commons/1.13.6/micrometer-commons-1.13.6.jar:/Users/adityaverma/.m2/repository/org/springframework/spring-webmvc/6.1.14/spring-webmvc-6.1.14.jar:/Users/adityaverma/.m2/repository/org/springframework/spring-aop/6.1.14/spring-aop-6.1.14.jar:/Users/adityaverma/.m2/repository/org/projectlombok/lombok/1.18.28/lombok-1.18.28.jar:/Users/adityaverma/.m2/repository/org/springframework/boot/spring-boot-starter-test/3.3.5/spring-boot-starter-test-3.3.5.jar:/Users/adityaverma/.m2/repository/org/springframework/boot/spring-boot-test/3.3.5/spring-boot-test-3.3.5.jar:/Users/adityaverma/.m2/repository/org/springframework/boot/spring-boot-test-autoconfigure/3.3.5/spring-boot-test-autoconfigure-3.3.5.jar:/Users/adityaverma/.m2/repository/com/jayway/jsonpath/json-path/2.9.0/json-path-2.9.0.jar:/Users/adityaverma/.m2/repository/jakarta/xml/bind/jakarta.xml.bind-api/4.0.2/jakarta.xml.bind-api-4.0.2.jar:/Users/adityaverma/.m2/repository/jakarta/activation/jakarta.activation-api/2.1.3/jakarta.activation-api-2.1.3.jar:/Users/adityaverma/.m2/repository/net/minidev/json-smart/2.5.1/json-smart-2.5.1.jar:/Users/adityaverma/.m2/repository/net/minidev/accessors-smart/2.5.1/accessors-smart-2.5.1.jar:/Users/adityaverma/.m2/repository/org/ow2/asm/asm/9.6/asm-9.6.jar:/Users/adityaverma/.m2/repository/org/assertj/assertj-core/3.25.3/assertj-core-3.25.3.jar:/Users/adityaverma/.m2/repository/net/bytebuddy/byte-buddy/1.14.19/byte-buddy-1.14.19.jar:/Users/adityaverma/.m2/repository/org/awaitility/awaitility/4.2.2/awaitility-4.2.2.jar:/Users/adityaverma/.m2/repository/org/hamcrest/hamcrest/2.2/hamcrest-2.2.jar:/Users/adityaverma/.m2/repository/org/junit/jupiter/junit-jupiter/5.10.5/junit-jupiter-5.10.5.jar:/Users/adityaverma/.m2/repository/org/junit/jupiter/junit-jupiter-api/5.10.5/junit-jupiter-api-5.10.5.jar:/Users/adityaverma/.m2/repository/org/opentest4j/opentest4j/1.3.0/opentest4j-1.3.0.jar:/Users/adityaverma/.m2/repository/org/junit/platform/junit-platform-commons/1.10.5/junit-platform-commons-1.10.5.jar:/Users/adityaverma/.m2/repository/org/apiguardian/apiguardian-api/1.1.2/apiguardian-api-1.1.2.jar:/Users/adityaverma/.m2/repository/org/junit/jupiter/junit-jupiter-params/5.10.5/junit-jupiter-params-5.10.5.jar:/Users/adityaverma/.m2/repository/org/junit/jupiter/junit-jupiter-engine/5.10.5/junit-jupiter-engine-5.10.5.jar:/Users/adityaverma/.m2/repository/org/junit/platform/junit-platform-engine/1.10.5/junit-platform-engine-1.10.5.jar:/Users/adityaverma/.m2/repository/org/mockito/mockito-core/5.11.0/mockito-core-5.11.0.jar:/Users/adityaverma/.m2/repository/net/bytebuddy/byte-buddy-agent/1.14.19/byte-buddy-agent-1.14.19.jar:/Users/adityaverma/.m2/repository/org/objenesis/objenesis/3.3/objenesis-3.3.jar:/Users/adityaverma/.m2/repository/org/mockito/mockito-junit-jupiter/5.11.0/mockito-junit-jupiter-5.11.0.jar:/Users/adityaverma/.m2/repository/org/skyscreamer/jsonassert/1.5.3/jsonassert-1.5.3.jar:/Users/adityaverma/.m2/repository/com/vaadin/external/google/android-json/0.0.20131108.vaadin1/android-json-0.0.20131108.vaadin1.jar:/Users/adityaverma/.m2/repository/org/springframework/spring-core/6.1.14/spring-core-6.1.14.jar:/Users/adityaverma/.m2/repository/org/springframework/spring-jcl/6.1.14/spring-jcl-6.1.14.jar:/Users/adityaverma/.m2/repository/org/springframework/spring-test/6.1.14/spring-test-6.1.14.jar:/Users/adityaverma/.m2/repository/org/xmlunit/xmlunit-core/2.9.1/xmlunit-core-2.9.1.jar:/Users/adityaverma/.m2/repository/org/springframework/boot/spring-boot-testcontainers/3.3.5/spring-boot-testcontainers-3.3.5.jar:/Users/adityaverma/.m2/repository/org/springframework/boot/spring-boot-autoconfigure/3.3.5/spring-boot-autoconfigure-3.3.5.jar:/Users/adityaverma/.m2/repository/org/testcontainers/testcontainers/1.19.8/testcontainers-1.19.8.jar:/Users/adityaverma/.m2/repository/junit/junit/4.13.2/junit-4.13.2.jar:/Users/adityaverma/.m2/repository/org/hamcrest/hamcrest-core/2.2/hamcrest-core-2.2.jar:/Users/adityaverma/.m2/repository/org/apache/commons/commons-compress/1.24.0/commons-compress-1.24.0.jar:/Users/adityaverma/.m2/repository/org/rnorth/duct-tape/duct-tape/1.0.8/duct-tape-1.0.8.jar:/Users/adityaverma/.m2/repository/org/jetbrains/annotations/17.0.0/annotations-17.0.0.jar:/Users/adityaverma/.m2/repository/com/github/docker-java/docker-java-api/3.3.6/docker-java-api-3.3.6.jar:/Users/adityaverma/.m2/repository/com/github/docker-java/docker-java-transport-zerodep/3.3.6/docker-java-transport-zerodep-3.3.6.jar:/Users/adityaverma/.m2/repository/com/github/docker-java/docker-java-transport/3.3.6/docker-java-transport-3.3.6.jar:/Users/adityaverma/.m2/repository/net/java/dev/jna/jna/5.13.0/jna-5.13.0.jar:/Users/adityaverma/.m2/repository/org/testcontainers/junit-jupiter/1.19.8/junit-jupiter-1.19.8.jar:/Users/adityaverma/.m2/repository/org/testcontainers/mongodb/1.19.8/mongodb-1.19.8.jar:/Users/adityaverma/.m2/repository/org/testng/testng/7.10.2/testng-7.10.2.jar:/Users/adityaverma/.m2/repository/org/slf4j/slf4j-api/2.0.16/slf4j-api-2.0.16.jar:/Users/adityaverma/.m2/repository/com/beust/jcommander/1.82/jcommander-1.82.jar:/Users/adityaverma/.m2/repository/org/webjars/jquery/3.7.1/jquery-3.7.1.jar:/Users/adityaverma/.m2/repository/io/rest-assured/rest-assured/5.3.2/rest-assured-5.3.2.jar:/Users/adityaverma/.m2/repository/org/apache/groovy/groovy/4.0.23/groovy-4.0.23.jar:/Users/adityaverma/.m2/repository/org/apache/groovy/groovy-xml/4.0.23/groovy-xml-4.0.23.jar:/Users/adityaverma/.m2/repository/org/apache/httpcomponents/httpclient/4.5.13/httpclient-4.5.13.jar:/Users/adityaverma/.m2/repository/org/apache/httpcomponents/httpcore/4.4.16/httpcore-4.4.16.jar:/Users/adityaverma/.m2/repository/commons-logging/commons-logging/1.2/commons-logging-1.2.jar:/Users/adityaverma/.m2/repository/commons-codec/commons-codec/1.16.1/commons-codec-1.16.1.jar:/Users/adityaverma/.m2/repository/org/apache/httpcomponents/httpmime/4.5.13/httpmime-4.5.13.jar:/Users/adityaverma/.m2/repository/org/ccil/cowan/tagsoup/tagsoup/1.2.1/tagsoup-1.2.1.jar:/Users/adityaverma/.m2/repository/io/rest-assured/json-path/5.4.0/json-path-5.4.0.jar:/Users/adityaverma/.m2/repository/org/apache/groovy/groovy-json/4.0.23/groovy-json-4.0.23.jar:/Users/adityaverma/.m2/repository/io/rest-assured/rest-assured-common/5.4.0/rest-assured-common-5.4.0.jar:/Users/adityaverma/.m2/repository/io/rest-assured/xml-path/5.4.0/xml-path-5.4.0.jar:/Users/adityaverma/.m2/repository/org/apache/commons/commons-lang3/3.14.0/commons-lang3-3.14.0.jar:"/>
    <property name="sun.cpu.endian" value="little"/>
    <property name="user.home" value="/Users/adityaverma"/>
    <property name="user.language" value="en"/>
    <property name="java.specification.vendor" value="Oracle Corporation"/>
    <property name="java.version.date" value="2024-07-16"/>
    <property name="java.home" value="/Library/Java/JavaVirtualMachines/jdk-17.jdk/Contents/Home"/>
    <property name="file.separator" value="/"/>
    <property name="basedir" value="/Users/adityaverma/Documents/microservice-project/e-commerce/product-service"/>
    <property name="java.vm.compressedOopsMode" value="Zero based"/>
    <property name="line.separator" value="&#10;"/>
    <property name="java.specification.name" value="Java Platform API Specification"/>
    <property name="java.vm.specification.vendor" value="Oracle Corporation"/>
    <property name="FILE_LOG_CHARSET" value="UTF-8"/>
    <property name="java.awt.headless" value="true"/>
    <property name="surefire.real.class.path" value="/Users/adityaverma/Documents/microservice-project/e-commerce/product-service/target/surefire/surefirebooter-20241104003700815_3.jar"/>
    <property name="sun.management.compiler" value="HotSpot 64-Bit Tiered Compilers"/>
    <property name="ftp.nonProxyHosts" value="local|*.local|169.254/16|*.169.254/16"/>
    <property name="java.runtime.version" value="17.0.12+8-LTS-286"/>
    <property name="user.name" value="adityaverma"/>
    <property name="path.separator" value=":"/>
    <property name="os.version" value="15.0.1"/>
    <property name="java.runtime.name" value="Java(TM) SE Runtime Environment"/>
    <property name="file.encoding" value="UTF-8"/>
    <property name="java.vm.name" value="Java HotSpot(TM) 64-Bit Server VM"/>
    <property name="localRepository" value="/Users/adityaverma/.m2/repository"/>
    <property name="java.vendor.url.bug" value="https://bugreport.java.com/bugreport/"/>
    <property name="java.io.tmpdir" value="/var/folders/nm/cy9rrcwx4jx5f1gq8xfpjwbm0000gn/T/"/>
    <property name="catalina.home" value="/private/var/folders/nm/cy9rrcwx4jx5f1gq8xfpjwbm0000gn/T/tomcat.0.8626991242579726795"/>
    <property name="java.version" value="17.0.12"/>
    <property name="user.dir" value="/Users/adityaverma/Documents/microservice-project/e-commerce/product-service"/>
    <property name="os.arch" value="aarch64"/>
    <property name="java.vm.specification.name" value="Java Virtual Machine Specification"/>
    <property name="PID" value="15865"/>
    <property name="CONSOLE_LOG_CHARSET" value="UTF-8"/>
    <property name="catalina.base" value="/private/var/folders/nm/cy9rrcwx4jx5f1gq8xfpjwbm0000gn/T/tomcat.0.8626991242579726795"/>
    <property name="native.encoding" value="UTF-8"/>
    <property name="java.library.path" value="/Users/adityaverma/Library/Java/Extensions:/Library/Java/Extensions:/Network/Library/Java/Extensions:/System/Library/Java/Extensions:/usr/lib/java:."/>
    <property name="java.vm.info" value="mixed mode, sharing"/>
    <property name="java.vendor" value="Oracle Corporation"/>
    <property name="java.vm.version" value="17.0.12+8-LTS-286"/>
    <property name="sun.io.unicode.encoding" value="UnicodeBig"/>
    <property name="socksNonProxyHosts" value="local|*.local|169.254/16|*.169.254/16"/>
    <property name="java.class.version" value="61.0"/>
    <property name="LOGGED_APPLICATION_NAME" value="[product-service] "/>
  </properties>
  <testcase name="shouldCreateProduct" classname="com.eCommerce.microservice.product.ProductServiceApplicationTests" time="0.896">
    <system-out><![CDATA[00:37:01.150 [main] INFO org.springframework.test.context.support.AnnotationConfigContextLoaderUtils -- Could not detect default configuration classes for test class [com.eCommerce.microservice.product.ProductServiceApplicationTests]: ProductServiceApplicationTests does not declare any static, non-private, non-final, nested classes annotated with @Configuration.
00:37:01.174 [main] INFO org.testcontainers.images.PullPolicy -- Image pull policy will be performed by: DefaultPullPolicy()
00:37:01.175 [main] INFO org.testcontainers.utility.ImageNameSubstitutor -- Image name substitution will be performed by: DefaultImageNameSubstitutor (composite of 'ConfigurationFileImageNameSubstitutor' and 'PrefixingImageNameSubstitutor')
00:37:01.266 [main] INFO org.testcontainers.dockerclient.DockerClientProviderStrategy -- Loaded org.testcontainers.dockerclient.UnixSocketClientProviderStrategy from ~/.testcontainers.properties, will try it first
00:37:01.382 [main] INFO org.testcontainers.dockerclient.DockerClientProviderStrategy -- Found Docker environment with local Unix socket (unix:///var/run/docker.sock)
00:37:01.382 [main] INFO org.testcontainers.DockerClientFactory -- Docker host IP address is localhost
00:37:01.389 [main] INFO org.testcontainers.DockerClientFactory -- Connected to docker: 
  Server Version: 27.2.0
  API Version: 1.47
  Operating System: Docker Desktop
  Total Memory: 7839 MB
00:37:01.422 [main] INFO tc.testcontainers/ryuk:0.7.0 -- Creating container for image: testcontainers/ryuk:0.7.0
00:37:04.205 [main] INFO tc.testcontainers/ryuk:0.7.0 -- Container testcontainers/ryuk:0.7.0 is starting: 076d3bf7e3ece3066792e505eb68c740a016f9602633a9cc268f0c76f7baa1fa
00:37:04.388 [main] INFO tc.testcontainers/ryuk:0.7.0 -- Container testcontainers/ryuk:0.7.0 started in PT2.965696S
00:37:04.391 [main] INFO org.testcontainers.utility.RyukResourceReaper -- Ryuk started - will monitor and terminate Testcontainers containers on JVM exit
00:37:04.391 [main] INFO org.testcontainers.DockerClientFactory -- Checking the system...
00:37:04.391 [main] INFO org.testcontainers.DockerClientFactory -- ✔︎ Docker server version should be at least 1.6.0
00:37:04.391 [main] INFO tc.mongo:7.0.7 -- Creating container for image: mongo:7.0.7
00:37:04.420 [main] INFO tc.mongo:7.0.7 -- Container mongo:7.0.7 is starting: d488eeb04805090d241f053d0d0748a9aca567b15d588d75c6f2326d9408c02f
00:37:05.172 [main] INFO tc.mongo:7.0.7 -- Container mongo:7.0.7 started in PT0.781166S
00:37:05.850 [main] INFO org.springframework.boot.test.context.SpringBootTestContextBootstrapper -- Found @SpringBootConfiguration com.eCommerce.microservice.product.ProductServiceApplication for test class com.eCommerce.microservice.product.ProductServiceApplicationTests

  .   ____          _            __ _ _
 /\\ / ___'_ __ _ _(_)_ __  __ _ \ \ \ \
( ( )\___ | '_ | '_| | '_ \/ _` | \ \ \ \
 \\/  ___)| |_)| | | | | || (_| |  ) ) ) )
  '  |____| .__|_| |_|_| |_\__, | / / / /
 =========|_|==============|___/=/_/_/_/

 :: Spring Boot ::                (v3.3.5)

2024-11-04T00:37:05.984+05:30  INFO 15865 --- [product-service] [           main] c.e.m.p.ProductServiceApplicationTests   : Starting ProductServiceApplicationTests using Java 17.0.12 with PID 15865 (started by adityaverma in /Users/adityaverma/Documents/microservice-project/e-commerce/product-service)
2024-11-04T00:37:05.985+05:30  INFO 15865 --- [product-service] [           main] c.e.m.p.ProductServiceApplicationTests   : No active profile set, falling back to 1 default profile: "default"
2024-11-04T00:37:06.224+05:30  INFO 15865 --- [product-service] [           main] .s.d.r.c.RepositoryConfigurationDelegate : Bootstrapping Spring Data MongoDB repositories in DEFAULT mode.
2024-11-04T00:37:06.239+05:30  INFO 15865 --- [product-service] [           main] .s.d.r.c.RepositoryConfigurationDelegate : Finished Spring Data repository scanning in 13 ms. Found 1 MongoDB repository interface.
2024-11-04T00:37:06.382+05:30  INFO 15865 --- [product-service] [           main] o.s.b.w.embedded.tomcat.TomcatWebServer  : Tomcat initialized with port 0 (http)
2024-11-04T00:37:06.388+05:30  INFO 15865 --- [product-service] [           main] o.apache.catalina.core.StandardService   : Starting service [Tomcat]
2024-11-04T00:37:06.388+05:30  INFO 15865 --- [product-service] [           main] o.apache.catalina.core.StandardEngine    : Starting Servlet engine: [Apache Tomcat/10.1.31]
2024-11-04T00:37:06.406+05:30  INFO 15865 --- [product-service] [           main] o.a.c.c.C.[Tomcat].[localhost].[/]       : Initializing Spring embedded WebApplicationContext
2024-11-04T00:37:06.407+05:30  INFO 15865 --- [product-service] [           main] w.s.c.ServletWebServerApplicationContext : Root WebApplicationContext: initialization completed in 347 ms
2024-11-04T00:37:06.426+05:30  INFO 15865 --- [product-service] [           main] tc.mongo:latest                          : Creating container for image: mongo:latest
2024-11-04T00:37:06.476+05:30  INFO 15865 --- [product-service] [           main] tc.mongo:latest                          : Container mongo:latest is starting: f9babcc1fc31f39b0a5da14dfd2c84af10cfdcd2448b4fbf0094899491b4ea08
2024-11-04T00:37:07.224+05:30  INFO 15865 --- [product-service] [           main] tc.mongo:latest                          : Container mongo:latest started in PT0.797252S
2024-11-04T00:37:07.879+05:30  INFO 15865 --- [product-service] [           main] org.mongodb.driver.client                : MongoClient with metadata {"driver": {"name": "mongo-java-driver|sync|spring-boot", "version": "5.0.1"}, "os": {"type": "Darwin", "name": "Mac OS X", "architecture": "aarch64", "version": "15.0.1"}, "platform": "Java/Oracle Corporation/17.0.12+8-LTS-286"} created with settings MongoClientSettings{readPreference=primary, writeConcern=WriteConcern{w=null, wTimeout=null ms, journal=null}, retryWrites=true, retryReads=true, readConcern=ReadConcern{level=null}, credential=null, transportSettings=null, commandListeners=[], codecRegistry=ProvidersCodecRegistry{codecProviders=[ValueCodecProvider{}, BsonValueCodecProvider{}, DBRefCodecProvider{}, DBObjectCodecProvider{}, DocumentCodecProvider{}, CollectionCodecProvider{}, IterableCodecProvider{}, MapCodecProvider{}, GeoJsonCodecProvider{}, GridFSFileCodecProvider{}, Jsr310CodecProvider{}, JsonObjectCodecProvider{}, BsonCodecProvider{}, EnumCodecProvider{}, com.mongodb.client.model.mql.ExpressionCodecProvider@54997f67, com.mongodb.Jep395RecordCodecProvider@bf4e48e, com.mongodb.KotlinCodecProvider@299eca90]}, loggerSettings=LoggerSettings{maxDocumentLength=1000}, clusterSettings={hosts=[localhost:52252], srvServiceName=mongodb, mode=SINGLE, requiredClusterType=UNKNOWN, requiredReplicaSetName='null', serverSelector='null', clusterListeners='[]', serverSelectionTimeout='30000 ms', localThreshold='15 ms'}, socketSettings=SocketSettings{connectTimeoutMS=10000, readTimeoutMS=0, receiveBufferSize=0, proxySettings=ProxySettings{host=null, port=null, username=null, password=null}}, heartbeatSocketSettings=SocketSettings{connectTimeoutMS=10000, readTimeoutMS=10000, receiveBufferSize=0, proxySettings=ProxySettings{host=null, port=null, username=null, password=null}}, connectionPoolSettings=ConnectionPoolSettings{maxSize=100, minSize=0, maxWaitTimeMS=120000, maxConnectionLifeTimeMS=0, maxConnectionIdleTimeMS=0, maintenanceInitialDelayMS=0, maintenanceFrequencyMS=60000, connectionPoolListeners=[], maxConnecting=2}, serverSettings=ServerSettings{heartbeatFrequencyMS=10000, minHeartbeatFrequencyMS=500, serverListeners='[]', serverMonitorListeners='[]'}, sslSettings=SslSettings{enabled=false, invalidHostNameAllowed=false, context=null}, applicationName='null', compressorList=[], uuidRepresentation=JAVA_LEGACY, serverApi=null, autoEncryptionSettings=null, dnsClient=null, inetAddressResolver=null, contextProvider=null}
2024-11-04T00:37:07.886+05:30  INFO 15865 --- [product-service] [localhost:52252] org.mongodb.driver.cluster               : Monitor thread successfully connected to server with description ServerDescription{address=localhost:52252, type=REPLICA_SET_PRIMARY, state=CONNECTED, ok=true, minWireVersion=0, maxWireVersion=21, maxDocumentSize=16777216, logicalSessionTimeoutMinutes=30, roundTripTimeNanos=8680625, setName='docker-rs', canonicalAddress=d488eeb04805:27017, hosts=[d488eeb04805:27017], passives=[], arbiters=[], primary='d488eeb04805:27017', tagSet=TagSet{[]}, electionId=7fffffff0000000000000001, setVersion=1, topologyVersion=TopologyVersion{processId=6727c9d86d4e665ca38de682, counter=6}, lastWriteDate=Mon Nov 04 00:37:05 IST 2024, lastUpdateTimeNanos=30168571119250}
2024-11-04T00:37:08.093+05:30  INFO 15865 --- [product-service] [           main] o.s.b.w.embedded.tomcat.TomcatWebServer  : Tomcat started on port 52258 (http) with context path '/'
2024-11-04T00:37:08.097+05:30  INFO 15865 --- [product-service] [           main] c.e.m.p.ProductServiceApplicationTests   : Started ProductServiceApplicationTests in 2.198 seconds (process running for 7.248)
2024-11-04T00:37:08.726+05:30  INFO 15865 --- [product-service] [o-auto-1-exec-1] o.a.c.c.C.[Tomcat].[localhost].[/]       : Initializing Spring DispatcherServlet 'dispatcherServlet'
2024-11-04T00:37:08.727+05:30  INFO 15865 --- [product-service] [o-auto-1-exec-1] o.s.web.servlet.DispatcherServlet        : Initializing Servlet 'dispatcherServlet'
2024-11-04T00:37:08.727+05:30  INFO 15865 --- [product-service] [o-auto-1-exec-1] o.s.web.servlet.DispatcherServlet        : Completed initialization in 0 ms
2024-11-04T00:37:08.803+05:30  INFO 15865 --- [product-service] [o-auto-1-exec-1] c.e.m.p.service.ProductServiceImpl       : Product 6727c9dc365b2b1d964aa2c9 is saved
HTTP/1.1 201 
Content-Type: application/json
Transfer-Encoding: chunked
Date: Sun, 03 Nov 2024 19:07:08 GMT
Keep-Alive: timeout=60
Connection: keep-alive

{
    "id": "6727c9dc365b2b1d964aa2c9",
    "name": "Macbook Air M3",
    "description": "An apple macbook air laptop with 16 gigs of ram",
    "price": 134000
}
]]></system-out>
  </testcase>
</testsuite>